<?xml version="1.0" encoding="UTF-8"?>
<testsuites name="Mocha Tests" time="1.037" tests="1" failures="1">
  <testsuite name="Root Suite" timestamp="2025-12-01T18:32:10" tests="0" file="cypress/tests/mocked/dashboardNavigation/testManifestLinks.cy.ts" time="0.000" failures="0">
  </testsuite>
  <testsuite name="Verify that all the URLs referenced in the Manifest directory are operational" timestamp="2025-12-01T18:32:10" tests="1" time="1.013" failures="1">
    <testcase name="Verify that all the URLs referenced in the Manifest directory are operational &quot;after all&quot; hook for &quot;Reads the manifest directory, filters out test/sample URLs and validates the remaining URLs&quot;" time="0.000" classname="&quot;after all&quot; hook for &quot;Reads the manifest directory, filters out test/sample URLs and validates the remaining URLs&quot;">
      <failure message="

Soft assertion  4:


	Custom Message : URL https://software.intel.com/content/www/us/en/develop/tools/oneapi/ai-analytics-toolkit.html should return one of the valid status codes (200, 201, 202, 204), but was 403

	1 : key -&gt; $ 		 message: expected false to deeply equal true
Stack: AssertionError: 

	Custom Message : URL https://software.intel.com/content/www/us/en/develop/tools/oneapi/ai-analytics-toolkit.html should return one of the valid status codes (200, 201, 202, 204), but was 403

	1 : key -&gt; $ 		 message: expected false to deeply equal true

    ,_chaiDeepEqual (http://localhost:9001/__cypress/tests?p=cypress/support/e2e.ts:51224:20)
    ,_assert (http://localhost:9001/__cypress/tests?p=cypress/support/e2e.ts:51048:23)
    ,_prepareAndAssert (http://localhost:9001/__cypress/tests?p=cypress/support/e2e.ts:51288:12)
     (http://localhost:9001/__cypress/tests?p=cypress/support/e2e.ts:50660:12)
    at Assertion.softTrue (http://localhost:9001/__cypress/tests?p=cypress/support/e2e.ts:50807:12)
    at namedSoftTrue (http://localhost:9001/__cypress/tests?p=cypress/support/e2e.ts:65174:31)
    at eval (http://localhost:9001/__cypress/tests?p=cypress/tests/mocked/dashboardNavigation/testManifestLinks.cy.ts:30854:17)
    at Context.eval (http://localhost:9001/__cypress/tests?p=cypress/tests/mocked/dashboardNavigation/testManifestLinks.cy.ts:30845:33)

Soft assertion  5:


	Custom Message : URL https://software.intel.com/content/www/us/en/develop/documentation/get-started-with-ai-linux/top.html should return one of the valid status codes (200, 201, 202, 204), but was 403

	1 : key -&gt; $ 		 message: expected false to deeply equal true
Stack: AssertionError: 

	Custom Message : URL https://software.intel.com/content/www/us/en/develop/documentation/get-started-with-ai-linux/top.html should return one of the valid status codes (200, 201, 202, 204), but was 403

	1 : key -&gt; $ 		 message: expected false to deeply equal true

    ,_chaiDeepEqual (http://localhost:9001/__cypress/tests?p=cypress/support/e2e.ts:51224:20)
    ,_assert (http://localhost:9001/__cypress/tests?p=cypress/support/e2e.ts:51048:23)
    ,_prepareAndAssert (http://localhost:9001/__cypress/tests?p=cypress/support/e2e.ts:51288:12)
     (http://localhost:9001/__cypress/tests?p=cypress/support/e2e.ts:50660:12)
    at Assertion.softTrue (http://localhost:9001/__cypress/tests?p=cypress/support/e2e.ts:50807:12)
    at namedSoftTrue (http://localhost:9001/__cypress/tests?p=cypress/support/e2e.ts:65174:31)
    at eval (http://localhost:9001/__cypress/tests?p=cypress/tests/mocked/dashboardNavigation/testManifestLinks.cy.ts:30854:17)
    at Context.eval (http://localhost:9001/__cypress/tests?p=cypress/tests/mocked/dashboardNavigation/testManifestLinks.cy.ts:30845:33)

Soft assertion  6:


	Custom Message : URL https://software.intel.com/content/www/us/en/develop/tools/oneapi/ai-analytics-toolkit.html#gs.2zxkin should return one of the valid status codes (200, 201, 202, 204), but was 403

	1 : key -&gt; $ 		 message: expected false to deeply equal true
Stack: AssertionError: 

	Custom Message : URL https://software.intel.com/content/www/us/en/develop/tools/oneapi/ai-analytics-toolkit.html#gs.2zxkin should return one of the valid status codes (200, 201, 202, 204), but was 403

	1 : key -&gt; $ 		 message: expected false to deeply equal true

    ,_chaiDeepEqual (http://localhost:9001/__cypress/tests?p=cypress/support/e2e.ts:51224:20)
    ,_assert (http://localhost:9001/__cypress/tests?p=cypress/support/e2e.ts:51048:23)
    ,_prepareAndAssert (http://localhost:9001/__cypress/tests?p=cypress/support/e2e.ts:51288:12)
     (http://localhost:9001/__cypress/tests?p=cypress/support/e2e.ts:50660:12)
    at Assertion.softTrue (http://localhost:9001/__cypress/tests?p=cypress/support/e2e.ts:50807:12)
    at namedSoftTrue (http://localhost:9001/__cypress/tests?p=cypress/support/e2e.ts:65174:31)
    at eval (http://localhost:9001/__cypress/tests?p=cypress/tests/mocked/dashboardNavigation/testManifestLinks.cy.ts:30854:17)
    at Context.eval (http://localhost:9001/__cypress/tests?p=cypress/tests/mocked/dashboardNavigation/testManifestLinks.cy.ts:30845:33)

Soft assertion  8:


	Custom Message : URL https://www.intel.com/content/www/us/en/developer/tools/oneapi/ai-analytics-toolkit.html should return one of the valid status codes (200, 201, 202, 204), but was 403

	1 : key -&gt; $ 		 message: expected false to deeply equal true
Stack: AssertionError: 

	Custom Message : URL https://www.intel.com/content/www/us/en/developer/tools/oneapi/ai-analytics-toolkit.html should return one of the valid status codes (200, 201, 202, 204), but was 403

	1 : key -&gt; $ 		 message: expected false to deeply equal true

    ,_chaiDeepEqual (http://localhost:9001/__cypress/tests?p=cypress/support/e2e.ts:51224:20)
    ,_assert (http://localhost:9001/__cypress/tests?p=cypress/support/e2e.ts:51048:23)
    ,_prepareAndAssert (http://localhost:9001/__cypress/tests?p=cypress/support/e2e.ts:51288:12)
     (http://localhost:9001/__cypress/tests?p=cypress/support/e2e.ts:50660:12)
    at Assertion.softTrue (http://localhost:9001/__cypress/tests?p=cypress/support/e2e.ts:50807:12)
    at namedSoftTrue (http://localhost:9001/__cypress/tests?p=cypress/support/e2e.ts:65174:31)
    at eval (http://localhost:9001/__cypress/tests?p=cypress/tests/mocked/dashboardNavigation/testManifestLinks.cy.ts:30854:17)
    at Context.eval (http://localhost:9001/__cypress/tests?p=cypress/tests/mocked/dashboardNavigation/testManifestLinks.cy.ts:30845:33)

Because this error occurred during a `after all` hook we are skipping all of the remaining tests.

Although you have test retries enabled, we do not retry tests when `before all` or `after all` hooks fail" type="AssertionError"><![CDATA[AssertionError: 

Soft assertion  4:


	Custom Message : URL https://software.intel.com/content/www/us/en/develop/tools/oneapi/ai-analytics-toolkit.html should return one of the valid status codes (200, 201, 202, 204), but was 403

	1 : key -> $ 		 message: expected false to deeply equal true
Stack: AssertionError: 

	Custom Message : URL https://software.intel.com/content/www/us/en/develop/tools/oneapi/ai-analytics-toolkit.html should return one of the valid status codes (200, 201, 202, 204), but was 403

	1 : key -> $ 		 message: expected false to deeply equal true

    at <unknown> (    ,_chaiDeepEqual http://localhost:9001/__cypress/tests?p=cypress/support/e2e.ts:51224:20)
    at <unknown> (    ,_assert http://localhost:9001/__cypress/tests?p=cypress/support/e2e.ts:51048:23)
    at <unknown> (    ,_prepareAndAssert http://localhost:9001/__cypress/tests?p=cypress/support/e2e.ts:51288:12)
    at <unknown> (     http://localhost:9001/__cypress/tests?p=cypress/support/e2e.ts:50660:12)
    at Assertion.softTrue (webpack://@odh-dashboard/cypress/../../../../node_modules/soft-assert/lib/assertion.js:235:0)
    at namedSoftTrue (webpack://@odh-dashboard/cypress/./cypress/support/e2e.ts:47:0)
    at eval (webpack://@odh-dashboard/cypress/./cypress/tests/mocked/dashboardNavigation/testManifestLinks.cy.ts:67:0)
    at Context.eval (webpack://@odh-dashboard/cypress/./cypress/tests/mocked/dashboardNavigation/testManifestLinks.cy.ts:58:0)

Soft assertion  5:


Custom Message : URL https://software.intel.com/content/www/us/en/develop/documentation/get-started-with-ai-linux/top.html should return one of the valid status codes (200, 201, 202, 204), but was 403

1 : key -> $ 		 message: expected false to deeply equal true
Stack: AssertionError: 

Custom Message : URL https://software.intel.com/content/www/us/en/develop/documentation/get-started-with-ai-linux/top.html should return one of the valid status codes (200, 201, 202, 204), but was 403

1 : key -> $ 		 message: expected false to deeply equal true

    at <unknown> (    ,_chaiDeepEqual http://localhost:9001/__cypress/tests?p=cypress/support/e2e.ts:51224:20)
    at <unknown> (    ,_assert http://localhost:9001/__cypress/tests?p=cypress/support/e2e.ts:51048:23)
    at <unknown> (    ,_prepareAndAssert http://localhost:9001/__cypress/tests?p=cypress/support/e2e.ts:51288:12)
    at <unknown> (     http://localhost:9001/__cypress/tests?p=cypress/support/e2e.ts:50660:12)
    at Assertion.softTrue (webpack://@odh-dashboard/cypress/../../../../node_modules/soft-assert/lib/assertion.js:235:0)
    at namedSoftTrue (webpack://@odh-dashboard/cypress/./cypress/support/e2e.ts:47:0)
    at eval (webpack://@odh-dashboard/cypress/./cypress/tests/mocked/dashboardNavigation/testManifestLinks.cy.ts:67:0)
    at Context.eval (webpack://@odh-dashboard/cypress/./cypress/tests/mocked/dashboardNavigation/testManifestLinks.cy.ts:58:0)

Soft assertion  6:


Custom Message : URL https://software.intel.com/content/www/us/en/develop/tools/oneapi/ai-analytics-toolkit.html#gs.2zxkin should return one of the valid status codes (200, 201, 202, 204), but was 403

1 : key -> $ 		 message: expected false to deeply equal true
Stack: AssertionError: 

Custom Message : URL https://software.intel.com/content/www/us/en/develop/tools/oneapi/ai-analytics-toolkit.html#gs.2zxkin should return one of the valid status codes (200, 201, 202, 204), but was 403

1 : key -> $ 		 message: expected false to deeply equal true

    at <unknown> (    ,_chaiDeepEqual http://localhost:9001/__cypress/tests?p=cypress/support/e2e.ts:51224:20)
    at <unknown> (    ,_assert http://localhost:9001/__cypress/tests?p=cypress/support/e2e.ts:51048:23)
    at <unknown> (    ,_prepareAndAssert http://localhost:9001/__cypress/tests?p=cypress/support/e2e.ts:51288:12)
    at <unknown> (     http://localhost:9001/__cypress/tests?p=cypress/support/e2e.ts:50660:12)
    at Assertion.softTrue (webpack://@odh-dashboard/cypress/../../../../node_modules/soft-assert/lib/assertion.js:235:0)
    at namedSoftTrue (webpack://@odh-dashboard/cypress/./cypress/support/e2e.ts:47:0)
    at eval (webpack://@odh-dashboard/cypress/./cypress/tests/mocked/dashboardNavigation/testManifestLinks.cy.ts:67:0)
    at Context.eval (webpack://@odh-dashboard/cypress/./cypress/tests/mocked/dashboardNavigation/testManifestLinks.cy.ts:58:0)

Soft assertion  8:


Custom Message : URL https://www.intel.com/content/www/us/en/developer/tools/oneapi/ai-analytics-toolkit.html should return one of the valid status codes (200, 201, 202, 204), but was 403

1 : key -> $ 		 message: expected false to deeply equal true
Stack: AssertionError: 

Custom Message : URL https://www.intel.com/content/www/us/en/developer/tools/oneapi/ai-analytics-toolkit.html should return one of the valid status codes (200, 201, 202, 204), but was 403

1 : key -> $ 		 message: expected false to deeply equal true

    at <unknown> (    ,_chaiDeepEqual http://localhost:9001/__cypress/tests?p=cypress/support/e2e.ts:51224:20)
    at <unknown> (    ,_assert http://localhost:9001/__cypress/tests?p=cypress/support/e2e.ts:51048:23)
    at <unknown> (    ,_prepareAndAssert http://localhost:9001/__cypress/tests?p=cypress/support/e2e.ts:51288:12)
    at <unknown> (     http://localhost:9001/__cypress/tests?p=cypress/support/e2e.ts:50660:12)
    at Assertion.softTrue (webpack://@odh-dashboard/cypress/../../../../node_modules/soft-assert/lib/assertion.js:235:0)
    at namedSoftTrue (webpack://@odh-dashboard/cypress/./cypress/support/e2e.ts:47:0)
    at eval (webpack://@odh-dashboard/cypress/./cypress/tests/mocked/dashboardNavigation/testManifestLinks.cy.ts:67:0)
    at Context.eval (webpack://@odh-dashboard/cypress/./cypress/tests/mocked/dashboardNavigation/testManifestLinks.cy.ts:58:0)

      + expected - actual

      -{ 'Soft assertion 4': false,
      -  'Soft assertion 5': false,
      -  'Soft assertion 6': false,
      -  'Soft assertion 8': false }
      +{ 'Soft assertion 4': true,
      +  'Soft assertion 5': true,
      +  'Soft assertion 6': true,
      +  'Soft assertion 8': true }
      ]]></failure>
    </testcase>
  </testsuite>
</testsuites>